[12 Sep 2016 00:36:02] DEBUG Executing SQL script
[12 Sep 2016 00:36:02] INFO ================================================================================
[12 Sep 2016 00:36:02] INFO onError= 'stop'
[12 Sep 2016 00:36:02] INFO autoCommit= 'false'
[12 Sep 2016 00:36:02] INFO username= 'root'
[12 Sep 2016 00:36:02] INFO outputPath= 'D:\WebRatio\workspace\ver3\.Temp~\UpdateSQL.xml'
[12 Sep 2016 00:36:02] INFO outputLogPath= 'D:\WebRatio\workspace\ver3\.Temp~\UpdateSQL.xml.log'
[12 Sep 2016 00:36:02] INFO encoding= ''
[12 Sep 2016 00:36:02] INFO driverClass= 'com.mysql.jdbc.Driver'
[12 Sep 2016 00:36:02] INFO sqlScript= 'D:\WebRatio\workspace\ver3\.Temp~\UpdateSQL.sql'
[12 Sep 2016 00:36:02] INFO eventSocketPort= '9973'
[12 Sep 2016 00:36:02] INFO statementSeparator= ';'
[12 Sep 2016 00:36:02] INFO derby.system.home= 'D:\WebRatio\workspace\.metadata\.plugins\com.webratio.commons.db\derby'
[12 Sep 2016 00:36:02] INFO password= 'root'
[12 Sep 2016 00:36:02] INFO url= 'jdbc:mysql://localhost:3306/ifmlver3'
[12 Sep 2016 00:36:02] INFO ================================================================================
[12 Sep 2016 00:36:02] INFO Connecting to the Database...
[12 Sep 2016 00:36:03] INFO Database connection estabilished
[12 Sep 2016 00:36:03] INFO transaction isolation: 4
[12 Sep 2016 00:36:03] DEBUG ================================================================================
[12 Sep 2016 00:36:03] DEBUG Executing SQL script file: D:\WebRatio\workspace\ver3\.Temp~\UpdateSQL.sql
[12 Sep 2016 00:36:03] DEBUG Executing statement:  create table `group` ( `oid`  integer  not null, `groupname`  varchar(255), primary key (`oid`) ) ENGINE=InnoDB
[12 Sep 2016 00:36:03] DEBUG Executing statement:    create table `module` ( `oid`  integer  not null, `moduleid`  varchar(255), `modulename`  varchar(255), primary key (`oid`) ) ENGINE=InnoDB
[12 Sep 2016 00:36:03] DEBUG Executing statement:    create table `user` ( `oid`  integer  not null, `username`  varchar(255), `password`  varchar(255), `email`  varchar(255), `birth_date`  datetime, `name`  varchar(255), `score`  double precision, `piggy_bank`  double precision, primary key (`oid`) ) ENGINE=InnoDB
[12 Sep 2016 00:36:03] DEBUG Executing statement:    create table `skill` ( `oid`  integer  not null, `name`  varchar(255), primary key (`oid`) ) ENGINE=InnoDB
[12 Sep 2016 00:36:03] DEBUG Executing statement:    create table `task` ( `oid`  integer  not null, `title`  varchar(255), `description`  varchar(255), `reward`  double precision, `expiration_date`  datetime, `maximum_exec_time`  time, `grade`  integer, primary key (`oid`) ) ENGINE=InnoDB
[12 Sep 2016 00:36:03] DEBUG Executing statement:    create table `annotationcampaign` ( `oid`  integer  not null, `status`  varchar(255), `budget`  double precision, `name`  varchar(255), primary key (`oid`) ) ENGINE=InnoDB
[12 Sep 2016 00:36:03] DEBUG Executing statement:    create table `item` ( `oid`  integer  not null, `url`  varchar(255), `caption`  varchar(255), `title`  varchar(255), primary key (`oid`) ) ENGINE=InnoDB
[12 Sep 2016 00:36:03] DEBUG Executing statement:    create table `annotation` ( `oid`  integer  not null, `confidence`  integer, `label`  varchar(255), `marked`  bit, primary key (`oid`) ) ENGINE=InnoDB
[12 Sep 2016 00:36:03] DEBUG Executing statement:    alter table `group`  add column  `module_oid`  integer
[12 Sep 2016 00:36:03] DEBUG Executing statement:  alter table `group`   add index fk_group_module (`module_oid`), add constraint fk_group_module foreign key (`module_oid`) references `module` (`oid`)
[12 Sep 2016 00:36:03] DEBUG Executing statement:    create table `group_module` ( `group_oid`  integer not null, `module_oid`  integer not null, primary key (`group_oid`, `module_oid`) ) ENGINE=InnoDB
[12 Sep 2016 00:36:03] DEBUG Executing statement:  alter table `group_module`   add index fk_group_module_group (`group_oid`), add constraint fk_group_module_group foreign key (`group_oid`) references `group` (`oid`)
[12 Sep 2016 00:36:03] DEBUG Executing statement:  alter table `group_module`   add index fk_group_module_module (`module_oid`), add constraint fk_group_module_module foreign key (`module_oid`) references `module` (`oid`)
[12 Sep 2016 00:36:03] DEBUG Executing statement:    alter table `user`  add column  `group_oid`  integer
[12 Sep 2016 00:36:03] DEBUG Executing statement:  alter table `user`   add index fk_user_group (`group_oid`), add constraint fk_user_group foreign key (`group_oid`) references `group` (`oid`)
[12 Sep 2016 00:36:03] DEBUG Executing statement:    create table `user_group` ( `user_oid`  integer not null, `group_oid`  integer not null, primary key (`user_oid`, `group_oid`) ) ENGINE=InnoDB
[12 Sep 2016 00:36:03] DEBUG Executing statement:  alter table `user_group`   add index fk_user_group_user (`user_oid`), add constraint fk_user_group_user foreign key (`user_oid`) references `user` (`oid`)
[12 Sep 2016 00:36:03] DEBUG Executing statement:  alter table `user_group`   add index fk_user_group_group (`group_oid`), add constraint fk_user_group_group foreign key (`group_oid`) references `group` (`oid`)
[12 Sep 2016 00:36:03] DEBUG Executing statement:    create table `user_skill` ( `user_oid`  integer not null, `skill_oid`  integer not null, primary key (`user_oid`, `skill_oid`) ) ENGINE=InnoDB
[12 Sep 2016 00:36:03] DEBUG Executing statement:  alter table `user_skill`   add index fk_user_skill_user (`user_oid`), add constraint fk_user_skill_user foreign key (`user_oid`) references `user` (`oid`)
[12 Sep 2016 00:36:03] DEBUG Executing statement:  alter table `user_skill`   add index fk_user_skill_skill (`skill_oid`), add constraint fk_user_skill_skill foreign key (`skill_oid`) references `skill` (`oid`)
[12 Sep 2016 00:36:03] DEBUG Executing statement:    create table `task_skill` ( `task_oid`  integer not null, `skill_oid`  integer not null, primary key (`task_oid`, `skill_oid`) ) ENGINE=InnoDB
[12 Sep 2016 00:36:04] DEBUG Executing statement:  alter table `task_skill`   add index fk_task_skill_task (`task_oid`), add constraint fk_task_skill_task foreign key (`task_oid`) references `task` (`oid`)
[12 Sep 2016 00:36:04] DEBUG Executing statement:  alter table `task_skill`   add index fk_task_skill_skill (`skill_oid`), add constraint fk_task_skill_skill foreign key (`skill_oid`) references `skill` (`oid`)
[12 Sep 2016 00:36:04] DEBUG Executing statement:    alter table `annotationcampaign`  add column  `user_oid`  integer
[12 Sep 2016 00:36:04] DEBUG Executing statement:  alter table `annotationcampaign`   add index fk_annotationcampaign_user (`user_oid`), add constraint fk_annotationcampaign_user foreign key (`user_oid`) references `user` (`oid`)
[12 Sep 2016 00:36:04] DEBUG Executing statement:    create table `item_annotation` ( `item_oid`  integer not null, `annotation_oid`  integer not null, primary key (`item_oid`, `annotation_oid`) ) ENGINE=InnoDB
[12 Sep 2016 00:36:04] DEBUG Executing statement:  alter table `item_annotation`   add index fk_item_annotation_item (`item_oid`), add constraint fk_item_annotation_item foreign key (`item_oid`) references `item` (`oid`)
[12 Sep 2016 00:36:04] DEBUG Executing statement:  alter table `item_annotation`   add index fk_item_annotation_annotation (`annotation_oid`), add constraint fk_item_annotation_annotation foreign key (`annotation_oid`) references `annotation` (`oid`)
[12 Sep 2016 00:36:04] DEBUG Executing statement:    alter table `task`  add column  `annotationcampaign_oid`  integer
[12 Sep 2016 00:36:04] DEBUG Executing statement:  alter table `task`   add index fk_task_annotationcampaign (`annotationcampaign_oid`), add constraint fk_task_annotationcampaign foreign key (`annotationcampaign_oid`) references `annotationcampaign` (`oid`)
[12 Sep 2016 00:36:04] DEBUG Executing statement:    create table `task_item` ( `task_oid`  integer not null, `item_oid`  integer not null, primary key (`task_oid`, `item_oid`) ) ENGINE=InnoDB
[12 Sep 2016 00:36:04] DEBUG Executing statement:  alter table `task_item`   add index fk_task_item_task (`task_oid`), add constraint fk_task_item_task foreign key (`task_oid`) references `task` (`oid`)
[12 Sep 2016 00:36:04] DEBUG Executing statement:  alter table `task_item`   add index fk_task_item_item (`item_oid`), add constraint fk_task_item_item foreign key (`item_oid`) references `item` (`oid`)
[12 Sep 2016 00:36:04] DEBUG Executing statement:    alter table `annotation`  add column  `user_oid`  integer
[12 Sep 2016 00:36:04] DEBUG Executing statement:  alter table `annotation`   add index fk_annotation_user (`user_oid`), add constraint fk_annotation_user foreign key (`user_oid`) references `user` (`oid`)
[12 Sep 2016 00:36:04] DEBUG Executing statement:    create table `user_task` ( `user_oid`  integer not null, `task_oid`  integer not null, primary key (`user_oid`, `task_oid`) ) ENGINE=InnoDB
[12 Sep 2016 00:36:04] DEBUG Executing statement:  alter table `user_task`   add index fk_user_task_user (`user_oid`), add constraint fk_user_task_user foreign key (`user_oid`) references `user` (`oid`)
[12 Sep 2016 00:36:04] DEBUG Executing statement:  alter table `user_task`   add index fk_user_task_task (`task_oid`), add constraint fk_user_task_task foreign key (`task_oid`) references `task` (`oid`)
[12 Sep 2016 00:36:04] DEBUG ================================================================================
[12 Sep 2016 00:36:04] DEBUG SQL SCRIPT SUCCESSFULLY EXECUTED
[12 Sep 2016 00:36:04] INFO Database connection closed
[12 Sep 2016 00:36:04] DEBUG Total time: 2046 milliseconds
