[19 Oct 2015 13:16:31] Building database metadata model
[19 Oct 2015 13:16:31] Properties: {partialRefresh=false, processColumnsUsingSelect=, includePrimaryKeys=true, eventSocketClient=com.webratio.commons.net.EventSocketClient@6b8612e4, includeTables=true, username=postgres, outputLogPath=/home/michiel/Downloads/WebRatio_Platform_University_Student_Edition_7.2.9.x64bit.Linux/WebRatio/workspace/CrowdImager/.Temp~/DB.xml.log, readIndexes=null, driverClass=org.postgresql.Driver, includeSynonyms=true, metaDataProviderClass=com.webratio.commons.db.metadata.PostgreSQLMetaDataProvider, outputPath=/home/michiel/Downloads/WebRatio_Platform_University_Student_Edition_7.2.9.x64bit.Linux/WebRatio/workspace/CrowdImager/.Temp~/DB.xml, schemaRegex=null, readProcedures=null, includeViews=true, derby.system.home=/home/michiel/Downloads/WebRatio_Platform_University_Student_Edition_7.2.9.x64bit.Linux/WebRatio/workspace/.metadata/.plugins/com.webratio.commons.db/derby, url=jdbc:postgresql://localhost:5433/ewi, tableRegex=null, readSQLDefinitions=true, includeForeignKeys=false, retrieveAllNames=false, tablesToRefresh=, eventSocketPort=36935}
[19 Oct 2015 13:16:31] URL: jdbc:postgresql://localhost:5433/ewi
[19 Oct 2015 13:16:31] Product name: PostgreSQL
[19 Oct 2015 13:16:31] Product version: 9.4.5
[19 Oct 2015 13:16:31] Driver name: PostgreSQL Native Driver
[19 Oct 2015 13:16:31] Driver version: PostgreSQL 9.4 JDBC4 (build 1203)
[19 Oct 2015 13:16:31] Driver major version: 9
[19 Oct 2015 13:16:31] Driver minor version: 4
[19 Oct 2015 13:16:31] Identifier quote string: 4
[19 Oct 2015 13:16:31] Retrieving schemas
[19 Oct 2015 13:16:31]   Found schema: information_schema
[19 Oct 2015 13:16:31]   Found schema: pg_catalog
[19 Oct 2015 13:16:31]   Found schema: public
[19 Oct 2015 13:16:31] Retrieving sequences
[19 Oct 2015 13:16:31] Retrieving [TABLE, VIEW, SYNONYM] for schema 'information_schema'
[19 Oct 2015 13:16:31] Retrieving [TABLE, VIEW, SYNONYM] for schema 'pg_catalog'
[19 Oct 2015 13:16:31] Retrieving [TABLE, VIEW, SYNONYM] for schema 'public'
[19 Oct 2015 13:16:31]   Found 'public.annotation' [type = TABLE]
[19 Oct 2015 13:16:31]   Found 'public.annotationcampaign' [type = TABLE]
[19 Oct 2015 13:16:31]   Found 'public.group' [type = TABLE]
[19 Oct 2015 13:16:31]   Found 'public.group_module' [type = TABLE]
[19 Oct 2015 13:16:31]   Found 'public.item' [type = TABLE]
[19 Oct 2015 13:16:31]   Found 'public.item_annotation' [type = TABLE]
[19 Oct 2015 13:16:31]   Found 'public.module' [type = TABLE]
[19 Oct 2015 13:16:31]   Found 'public.requester' [type = TABLE]
[19 Oct 2015 13:16:31]   Found 'public.skill' [type = TABLE]
[19 Oct 2015 13:16:31]   Found 'public.task' [type = TABLE]
[19 Oct 2015 13:16:31]   Found 'public.task_item' [type = TABLE]
[19 Oct 2015 13:16:31]   Found 'public.task_skill' [type = TABLE]
[19 Oct 2015 13:16:31]   Found 'public.task_worker' [type = TABLE]
[19 Oct 2015 13:16:31]   Found 'public.user' [type = TABLE]
[19 Oct 2015 13:16:31]   Found 'public.user_group' [type = TABLE]
[19 Oct 2015 13:16:31]   Found 'public.user_skill' [type = TABLE]
[19 Oct 2015 13:16:31]   Found 'public.user_task' [type = TABLE]
[19 Oct 2015 13:16:31]   Found 'public.worker' [type = TABLE]
[19 Oct 2015 13:16:31]   Found 'public.worker_skill' [type = TABLE]
[19 Oct 2015 13:16:31] Retrieving columns for 'public.annotation' [type = TABLE]
[19 Oct 2015 13:16:31]   Found column: oid [type = int4][SQL/XOPEN type = 4][size = 10][dec. digits = 0]
[19 Oct 2015 13:16:31]   Found column: confidence [type = int4][SQL/XOPEN type = 4][size = 10][dec. digits = 0]
[19 Oct 2015 13:16:31]   Found column: label [type = varchar][SQL/XOPEN type = 12][size = 255][dec. digits = 0]
[19 Oct 2015 13:16:31]   Found column: worker_oid [type = int4][SQL/XOPEN type = 4][size = 10][dec. digits = 0]
[19 Oct 2015 13:16:31]   Found column: user_oid [type = int4][SQL/XOPEN type = 4][size = 10][dec. digits = 0]
[19 Oct 2015 13:16:31]   Found column: marked [type = bool][SQL/XOPEN type = -7][size = 1][dec. digits = 0]
[19 Oct 2015 13:16:31] Retrieving primary keys for 'public.annotation' [type = TABLE]
[19 Oct 2015 13:16:31]   Found primary key column: oid
[19 Oct 2015 13:16:31] Retrieving columns for 'public.annotationcampaign' [type = TABLE]
[19 Oct 2015 13:16:31]   Found column: oid [type = int4][SQL/XOPEN type = 4][size = 10][dec. digits = 0]
[19 Oct 2015 13:16:31]   Found column: status [type = varchar][SQL/XOPEN type = 12][size = 255][dec. digits = 0]
[19 Oct 2015 13:16:31]   Found column: budget [type = float8][SQL/XOPEN type = 8][size = 17][dec. digits = 17]
[19 Oct 2015 13:16:31]   Found column: name [type = varchar][SQL/XOPEN type = 12][size = 255][dec. digits = 0]
[19 Oct 2015 13:16:31]   Found column: requester_oid [type = int4][SQL/XOPEN type = 4][size = 10][dec. digits = 0]
[19 Oct 2015 13:16:31]   Found column: user_oid [type = int4][SQL/XOPEN type = 4][size = 10][dec. digits = 0]
[19 Oct 2015 13:16:31] Retrieving primary keys for 'public.annotationcampaign' [type = TABLE]
[19 Oct 2015 13:16:31]   Found primary key column: oid
[19 Oct 2015 13:16:31] Retrieving columns for 'public.group' [type = TABLE]
[19 Oct 2015 13:16:31]   Found column: oid [type = int4][SQL/XOPEN type = 4][size = 10][dec. digits = 0]
[19 Oct 2015 13:16:31]   Found column: groupname [type = varchar][SQL/XOPEN type = 12][size = 255][dec. digits = 0]
[19 Oct 2015 13:16:31]   Found column: module_oid [type = int4][SQL/XOPEN type = 4][size = 10][dec. digits = 0]
[19 Oct 2015 13:16:31] Retrieving primary keys for 'public.group' [type = TABLE]
[19 Oct 2015 13:16:31]   Found primary key column: oid
[19 Oct 2015 13:16:31] Retrieving columns for 'public.group_module' [type = TABLE]
[19 Oct 2015 13:16:31]   Found column: group_oid [type = int4][SQL/XOPEN type = 4][size = 10][dec. digits = 0]
[19 Oct 2015 13:16:31]   Found column: module_oid [type = int4][SQL/XOPEN type = 4][size = 10][dec. digits = 0]
[19 Oct 2015 13:16:31] Retrieving primary keys for 'public.group_module' [type = TABLE]
[19 Oct 2015 13:16:31]   Found primary key column: group_oid
[19 Oct 2015 13:16:31]   Found primary key column: module_oid
[19 Oct 2015 13:16:31] Retrieving columns for 'public.item' [type = TABLE]
[19 Oct 2015 13:16:31]   Found column: oid [type = int4][SQL/XOPEN type = 4][size = 10][dec. digits = 0]
[19 Oct 2015 13:16:31]   Found column: url [type = varchar][SQL/XOPEN type = 12][size = 255][dec. digits = 0]
[19 Oct 2015 13:16:31]   Found column: caption [type = varchar][SQL/XOPEN type = 12][size = 255][dec. digits = 0]
[19 Oct 2015 13:16:31]   Found column: title [type = varchar][SQL/XOPEN type = 12][size = 255][dec. digits = 0]
[19 Oct 2015 13:16:31]   Found column: annotationcampaign_oid [type = int4][SQL/XOPEN type = 4][size = 10][dec. digits = 0]
[19 Oct 2015 13:16:31] Retrieving primary keys for 'public.item' [type = TABLE]
[19 Oct 2015 13:16:31]   Found primary key column: oid
[19 Oct 2015 13:16:31] Retrieving columns for 'public.item_annotation' [type = TABLE]
[19 Oct 2015 13:16:31]   Found column: item_oid [type = int4][SQL/XOPEN type = 4][size = 10][dec. digits = 0]
[19 Oct 2015 13:16:31]   Found column: annotation_oid [type = int4][SQL/XOPEN type = 4][size = 10][dec. digits = 0]
[19 Oct 2015 13:16:31] Retrieving primary keys for 'public.item_annotation' [type = TABLE]
[19 Oct 2015 13:16:31]   Found primary key column: item_oid
[19 Oct 2015 13:16:31]   Found primary key column: annotation_oid
[19 Oct 2015 13:16:31] Retrieving columns for 'public.module' [type = TABLE]
[19 Oct 2015 13:16:31]   Found column: oid [type = int4][SQL/XOPEN type = 4][size = 10][dec. digits = 0]
[19 Oct 2015 13:16:31]   Found column: moduleid [type = varchar][SQL/XOPEN type = 12][size = 255][dec. digits = 0]
[19 Oct 2015 13:16:31]   Found column: modulename [type = varchar][SQL/XOPEN type = 12][size = 255][dec. digits = 0]
[19 Oct 2015 13:16:31] Retrieving primary keys for 'public.module' [type = TABLE]
[19 Oct 2015 13:16:31]   Found primary key column: oid
[19 Oct 2015 13:16:31] Retrieving columns for 'public.requester' [type = TABLE]
[19 Oct 2015 13:16:31]   Found column: oid [type = int4][SQL/XOPEN type = 4][size = 10][dec. digits = 0]
[19 Oct 2015 13:16:31] Retrieving primary keys for 'public.requester' [type = TABLE]
[19 Oct 2015 13:16:31]   Found primary key column: oid
[19 Oct 2015 13:16:31] Retrieving columns for 'public.skill' [type = TABLE]
[19 Oct 2015 13:16:31]   Found column: oid [type = int4][SQL/XOPEN type = 4][size = 10][dec. digits = 0]
[19 Oct 2015 13:16:31]   Found column: name [type = varchar][SQL/XOPEN type = 12][size = 255][dec. digits = 0]
[19 Oct 2015 13:16:31] Retrieving primary keys for 'public.skill' [type = TABLE]
[19 Oct 2015 13:16:31]   Found primary key column: oid
[19 Oct 2015 13:16:31] Retrieving columns for 'public.task' [type = TABLE]
[19 Oct 2015 13:16:31]   Found column: oid [type = int4][SQL/XOPEN type = 4][size = 10][dec. digits = 0]
[19 Oct 2015 13:16:31]   Found column: title [type = varchar][SQL/XOPEN type = 12][size = 255][dec. digits = 0]
[19 Oct 2015 13:16:31]   Found column: description [type = varchar][SQL/XOPEN type = 12][size = 255][dec. digits = 0]
[19 Oct 2015 13:16:31]   Found column: reward [type = float8][SQL/XOPEN type = 8][size = 17][dec. digits = 17]
[19 Oct 2015 13:16:31]   Found column: expiration_date [type = timestamp][SQL/XOPEN type = 93][size = 29][dec. digits = 6]
[19 Oct 2015 13:16:31]   Found column: maximum_exec_time [type = time][SQL/XOPEN type = 92][size = 15][dec. digits = 6]
[19 Oct 2015 13:16:31]   Found column: annotationcampaign_oid [type = int4][SQL/XOPEN type = 4][size = 10][dec. digits = 0]
[19 Oct 2015 13:16:31]   Found column: grade [type = int4][SQL/XOPEN type = 4][size = 10][dec. digits = 0]
[19 Oct 2015 13:16:31]   Found column: grade_2 [type = int4][SQL/XOPEN type = 4][size = 10][dec. digits = 0]
[19 Oct 2015 13:16:31] Retrieving primary keys for 'public.task' [type = TABLE]
[19 Oct 2015 13:16:31]   Found primary key column: oid
[19 Oct 2015 13:16:31] Retrieving columns for 'public.task_item' [type = TABLE]
[19 Oct 2015 13:16:31]   Found column: task_oid [type = int4][SQL/XOPEN type = 4][size = 10][dec. digits = 0]
[19 Oct 2015 13:16:31]   Found column: item_oid [type = int4][SQL/XOPEN type = 4][size = 10][dec. digits = 0]
[19 Oct 2015 13:16:31] Retrieving primary keys for 'public.task_item' [type = TABLE]
[19 Oct 2015 13:16:31]   Found primary key column: task_oid
[19 Oct 2015 13:16:31]   Found primary key column: item_oid
[19 Oct 2015 13:16:31] Retrieving columns for 'public.task_skill' [type = TABLE]
[19 Oct 2015 13:16:31]   Found column: task_oid [type = int4][SQL/XOPEN type = 4][size = 10][dec. digits = 0]
[19 Oct 2015 13:16:31]   Found column: skill_oid [type = int4][SQL/XOPEN type = 4][size = 10][dec. digits = 0]
[19 Oct 2015 13:16:31] Retrieving primary keys for 'public.task_skill' [type = TABLE]
[19 Oct 2015 13:16:31]   Found primary key column: task_oid
[19 Oct 2015 13:16:31]   Found primary key column: skill_oid
[19 Oct 2015 13:16:31] Retrieving columns for 'public.task_worker' [type = TABLE]
[19 Oct 2015 13:16:31]   Found column: task_oid [type = int4][SQL/XOPEN type = 4][size = 10][dec. digits = 0]
[19 Oct 2015 13:16:31]   Found column: worker_oid [type = int4][SQL/XOPEN type = 4][size = 10][dec. digits = 0]
[19 Oct 2015 13:16:31] Retrieving primary keys for 'public.task_worker' [type = TABLE]
[19 Oct 2015 13:16:31]   Found primary key column: task_oid
[19 Oct 2015 13:16:31]   Found primary key column: worker_oid
[19 Oct 2015 13:16:31] Retrieving columns for 'public.user' [type = TABLE]
[19 Oct 2015 13:16:31]   Found column: oid [type = int4][SQL/XOPEN type = 4][size = 10][dec. digits = 0]
[19 Oct 2015 13:16:31]   Found column: username [type = varchar][SQL/XOPEN type = 12][size = 255][dec. digits = 0]
[19 Oct 2015 13:16:31]   Found column: password [type = varchar][SQL/XOPEN type = 12][size = 255][dec. digits = 0]
[19 Oct 2015 13:16:31]   Found column: email [type = varchar][SQL/XOPEN type = 12][size = 255][dec. digits = 0]
[19 Oct 2015 13:16:31]   Found column: group_oid [type = int4][SQL/XOPEN type = 4][size = 10][dec. digits = 0]
[19 Oct 2015 13:16:31]   Found column: requester_oid [type = int4][SQL/XOPEN type = 4][size = 10][dec. digits = 0]
[19 Oct 2015 13:16:31]   Found column: birth_date [type = timestamp][SQL/XOPEN type = 93][size = 29][dec. digits = 6]
[19 Oct 2015 13:16:31]   Found column: name [type = varchar][SQL/XOPEN type = 12][size = 255][dec. digits = 0]
[19 Oct 2015 13:16:31]   Found column: piggy_bank [type = float8][SQL/XOPEN type = 8][size = 17][dec. digits = 17]
[19 Oct 2015 13:16:31]   Found column: score [type = float8][SQL/XOPEN type = 8][size = 17][dec. digits = 17]
[19 Oct 2015 13:16:31] Retrieving primary keys for 'public.user' [type = TABLE]
[19 Oct 2015 13:16:31]   Found primary key column: oid
[19 Oct 2015 13:16:31] Retrieving columns for 'public.user_group' [type = TABLE]
[19 Oct 2015 13:16:31]   Found column: user_oid [type = int4][SQL/XOPEN type = 4][size = 10][dec. digits = 0]
[19 Oct 2015 13:16:31]   Found column: group_oid [type = int4][SQL/XOPEN type = 4][size = 10][dec. digits = 0]
[19 Oct 2015 13:16:31] Retrieving primary keys for 'public.user_group' [type = TABLE]
[19 Oct 2015 13:16:31]   Found primary key column: user_oid
[19 Oct 2015 13:16:31]   Found primary key column: group_oid
[19 Oct 2015 13:16:31] Retrieving columns for 'public.user_skill' [type = TABLE]
[19 Oct 2015 13:16:31]   Found column: user_oid [type = int4][SQL/XOPEN type = 4][size = 10][dec. digits = 0]
[19 Oct 2015 13:16:31]   Found column: skill_oid [type = int4][SQL/XOPEN type = 4][size = 10][dec. digits = 0]
[19 Oct 2015 13:16:31] Retrieving primary keys for 'public.user_skill' [type = TABLE]
[19 Oct 2015 13:16:31]   Found primary key column: user_oid
[19 Oct 2015 13:16:31]   Found primary key column: skill_oid
[19 Oct 2015 13:16:31] Retrieving columns for 'public.user_task' [type = TABLE]
[19 Oct 2015 13:16:31]   Found column: user_oid [type = int4][SQL/XOPEN type = 4][size = 10][dec. digits = 0]
[19 Oct 2015 13:16:31]   Found column: task_oid [type = int4][SQL/XOPEN type = 4][size = 10][dec. digits = 0]
[19 Oct 2015 13:16:31] Retrieving primary keys for 'public.user_task' [type = TABLE]
[19 Oct 2015 13:16:31]   Found primary key column: user_oid
[19 Oct 2015 13:16:31]   Found primary key column: task_oid
[19 Oct 2015 13:16:31] Retrieving columns for 'public.worker' [type = TABLE]
[19 Oct 2015 13:16:31]   Found column: oid [type = int4][SQL/XOPEN type = 4][size = 10][dec. digits = 0]
[19 Oct 2015 13:16:31]   Found column: piggy_bank [type = varchar][SQL/XOPEN type = 12][size = 255][dec. digits = 0]
[19 Oct 2015 13:16:31]   Found column: birth_date [type = timestamp][SQL/XOPEN type = 93][size = 29][dec. digits = 6]
[19 Oct 2015 13:16:31]   Found column: name [type = varchar][SQL/XOPEN type = 12][size = 255][dec. digits = 0]
[19 Oct 2015 13:16:31]   Found column: user_oid [type = int4][SQL/XOPEN type = 4][size = 10][dec. digits = 0]
[19 Oct 2015 13:16:31] Retrieving primary keys for 'public.worker' [type = TABLE]
[19 Oct 2015 13:16:31]   Found primary key column: oid
[19 Oct 2015 13:16:31] Retrieving columns for 'public.worker_skill' [type = TABLE]
[19 Oct 2015 13:16:31]   Found column: worker_oid [type = int4][SQL/XOPEN type = 4][size = 10][dec. digits = 0]
[19 Oct 2015 13:16:31]   Found column: skill_oid [type = int4][SQL/XOPEN type = 4][size = 10][dec. digits = 0]
[19 Oct 2015 13:16:31] Retrieving primary keys for 'public.worker_skill' [type = TABLE]
[19 Oct 2015 13:16:31]   Found primary key column: worker_oid
[19 Oct 2015 13:16:31]   Found primary key column: skill_oid
[19 Oct 2015 13:16:31] Database connection closed
