[19 Oct 2015 13:16:30] DEBUG Executing SQL script
[19 Oct 2015 13:16:30] INFO ================================================================================
[19 Oct 2015 13:16:30] INFO onError= 'stop'
[19 Oct 2015 13:16:30] INFO autoCommit= 'false'
[19 Oct 2015 13:16:30] INFO username= 'postgres'
[19 Oct 2015 13:16:30] INFO outputPath= '/home/michiel/Downloads/WebRatio_Platform_University_Student_Edition_7.2.9.x64bit.Linux/WebRatio/workspace/CrowdImager/.Temp~/UpdateSQL.xml'
[19 Oct 2015 13:16:30] INFO outputLogPath= '/home/michiel/Downloads/WebRatio_Platform_University_Student_Edition_7.2.9.x64bit.Linux/WebRatio/workspace/CrowdImager/.Temp~/UpdateSQL.xml.log'
[19 Oct 2015 13:16:30] INFO encoding= ''
[19 Oct 2015 13:16:30] INFO driverClass= 'org.postgresql.Driver'
[19 Oct 2015 13:16:30] INFO sqlScript= '/home/michiel/Downloads/WebRatio_Platform_University_Student_Edition_7.2.9.x64bit.Linux/WebRatio/workspace/CrowdImager/.Temp~/UpdateSQL.sql'
[19 Oct 2015 13:16:30] INFO eventSocketPort= '38172'
[19 Oct 2015 13:16:30] INFO statementSeparator= ';'
[19 Oct 2015 13:16:30] INFO derby.system.home= '/home/michiel/Downloads/WebRatio_Platform_University_Student_Edition_7.2.9.x64bit.Linux/WebRatio/workspace/.metadata/.plugins/com.webratio.commons.db/derby'
[19 Oct 2015 13:16:30] INFO password= 'helahola'
[19 Oct 2015 13:16:30] INFO url= 'jdbc:postgresql://localhost:5433/ewi'
[19 Oct 2015 13:16:30] INFO ================================================================================
[19 Oct 2015 13:16:30] INFO Connecting to the Database...
[19 Oct 2015 13:16:30] INFO Database connection estabilished
[19 Oct 2015 13:16:30] INFO transaction isolation: 2
[19 Oct 2015 13:16:30] DEBUG ================================================================================
[19 Oct 2015 13:16:30] DEBUG Executing SQL script file: /home/michiel/Downloads/WebRatio_Platform_University_Student_Edition_7.2.9.x64bit.Linux/WebRatio/workspace/CrowdImager/.Temp~/UpdateSQL.sql
[19 Oct 2015 13:16:30] DEBUG Executing statement:  alter table "public"."annotation"  add column  "marked"  bool
[19 Oct 2015 13:16:30] DEBUG ================================================================================
[19 Oct 2015 13:16:30] DEBUG SQL SCRIPT SUCCESSFULLY EXECUTED
[19 Oct 2015 13:16:30] INFO Database connection closed
[19 Oct 2015 13:16:30] DEBUG Total time: 226 milliseconds
