[11 Oct 2016 11:37:54] Building database metadata model
[11 Oct 2016 11:37:54] Properties: {partialRefresh=false, processColumnsUsingSelect=, includePrimaryKeys=true, eventSocketClient=com.webratio.commons.net.EventSocketClient@183c12d, includeTables=true, username=root, outputLogPath=D:\WebRatio\workspace\ifml1617\.Temp~\DB.xml.log, readIndexes=null, driverClass=com.mysql.jdbc.Driver, includeSynonyms=true, metaDataProviderClass=com.webratio.commons.db.metadata.MySQLMetaDataProvider, outputPath=D:\WebRatio\workspace\ifml1617\.Temp~\DB.xml, schemaRegex=null, readProcedures=null, includeViews=true, derby.system.home=D:\WebRatio\workspace\.metadata\.plugins\com.webratio.commons.db\derby, url=jdbc:mysql://localhost:3306/ifml16173, tableRegex=null, readSQLDefinitions=true, includeForeignKeys=false, retrieveAllNames=false, tablesToRefresh=, eventSocketPort=9992}
[11 Oct 2016 11:37:54] URL: jdbc:mysql://localhost:3306/ifml16173
[11 Oct 2016 11:37:54] Product name: MySQL
[11 Oct 2016 11:37:54] Product version: 5.7.14-log
[11 Oct 2016 11:37:54] Driver name: MySQL Connector Java
[11 Oct 2016 11:37:54] Driver version: mysql-connector-java-5.1.31 ( Revision: alexander.soklakov@oracle.com-20140520065950-groqzzbvxprqdmnz )
[11 Oct 2016 11:37:54] Driver major version: 5
[11 Oct 2016 11:37:54] Driver minor version: 1
[11 Oct 2016 11:37:54] Identifier quote string: 1
[11 Oct 2016 11:37:54] Retrieving schemas
[11 Oct 2016 11:37:54] Retrieving [TABLE, VIEW, SYNONYM] for schema ''
[11 Oct 2016 11:37:54]   Found 'campaigns' [type = TABLE]
[11 Oct 2016 11:37:54]   Found 'campaigns_contrperks' [type = TABLE]
[11 Oct 2016 11:37:54]   Found 'campaigns_keywords' [type = TABLE]
[11 Oct 2016 11:37:54]   Found 'contributions_bysupporters' [type = TABLE]
[11 Oct 2016 11:37:54]   Found 'contributionsperks' [type = TABLE]
[11 Oct 2016 11:37:54]   Found 'group' [type = TABLE]
[11 Oct 2016 11:37:54]   Found 'group_module' [type = TABLE]
[11 Oct 2016 11:37:54]   Found 'keywordstags' [type = TABLE]
[11 Oct 2016 11:37:54]   Found 'module' [type = TABLE]
[11 Oct 2016 11:37:54]   Found 'payment' [type = TABLE]
[11 Oct 2016 11:37:54]   Found 'questions' [type = TABLE]
[11 Oct 2016 11:37:54]   Found 'user' [type = TABLE]
[11 Oct 2016 11:37:54]   Found 'user_group' [type = TABLE]
[11 Oct 2016 11:37:54]   Found 'user_questions' [type = TABLE]
[11 Oct 2016 11:37:54]   Found 'campaigns_contributor_view' [type = VIEW]
[11 Oct 2016 11:37:54]   Found 'campaigns_popularity_view' [type = VIEW]
[11 Oct 2016 11:37:54]   Found 'campaigns_quality_view' [type = VIEW]
[11 Oct 2016 11:37:54]   Found 'contributionsperkstouser_view' [type = VIEW]
[11 Oct 2016 11:37:54]   Found 'user_reputation_view' [type = VIEW]
[11 Oct 2016 11:37:54]   Found 'user_reputation_view2' [type = VIEW]
[11 Oct 2016 11:37:54] Retrieving columns for 'campaigns' [type = TABLE]
[11 Oct 2016 11:37:54]   Found column: oid_camp [type = INT][SQL/XOPEN type = 4][size = 10][dec. digits = 0]
[11 Oct 2016 11:37:54]   Found column: title [type = VARCHAR][SQL/XOPEN type = 12][size = 255][dec. digits = 0]
[11 Oct 2016 11:37:54]   Found column: description [type = VARCHAR][SQL/XOPEN type = 12][size = 255][dec. digits = 0]
[11 Oct 2016 11:37:54]   Found column: amount [type = DOUBLE][SQL/XOPEN type = 8][size = 22][dec. digits = 0]
[11 Oct 2016 11:37:54]   Found column: status [type = VARCHAR][SQL/XOPEN type = 12][size = 255][dec. digits = 0]
[11 Oct 2016 11:37:54]   Found column: quality [type = FLOAT][SQL/XOPEN type = 7][size = 12][dec. digits = 0]
[11 Oct 2016 11:37:54]   Found column: expiration [type = DATETIME][SQL/XOPEN type = 93][size = 19][dec. digits = 0]
[11 Oct 2016 11:37:54]   Found column: raised [type = DOUBLE][SQL/XOPEN type = 8][size = 22][dec. digits = 0]
[11 Oct 2016 11:37:54]   Found column: user_oid_user [type = INT][SQL/XOPEN type = 4][size = 10][dec. digits = 0]
[11 Oct 2016 11:37:54] Retrieving primary keys for 'campaigns' [type = TABLE]
[11 Oct 2016 11:37:54]   Found primary key column: oid_camp
[11 Oct 2016 11:37:54] Retrieving columns for 'campaigns_contrperks' [type = TABLE]
[11 Oct 2016 11:37:54]   Found column: campaigns_oid_camp [type = INT][SQL/XOPEN type = 4][size = 10][dec. digits = 0]
[11 Oct 2016 11:37:54]   Found column: contributionsperks_oid_contr [type = INT][SQL/XOPEN type = 4][size = 10][dec. digits = 0]
[11 Oct 2016 11:37:54] Retrieving primary keys for 'campaigns_contrperks' [type = TABLE]
[11 Oct 2016 11:37:54]   Found primary key column: campaigns_oid_camp
[11 Oct 2016 11:37:54]   Found primary key column: contributionsperks_oid_contr
[11 Oct 2016 11:37:54] Retrieving columns for 'campaigns_keywords' [type = TABLE]
[11 Oct 2016 11:37:54]   Found column: campaigns_oid_camp [type = INT][SQL/XOPEN type = 4][size = 10][dec. digits = 0]
[11 Oct 2016 11:37:54]   Found column: keywordstags_oid_keywords [type = INT][SQL/XOPEN type = 4][size = 10][dec. digits = 0]
[11 Oct 2016 11:37:54] Retrieving primary keys for 'campaigns_keywords' [type = TABLE]
[11 Oct 2016 11:37:54]   Found primary key column: campaigns_oid_camp
[11 Oct 2016 11:37:54]   Found primary key column: keywordstags_oid_keywords
[11 Oct 2016 11:37:54] Retrieving columns for 'contributions_bysupporters' [type = TABLE]
[11 Oct 2016 11:37:54]   Found column: oid_usercontr [type = INT][SQL/XOPEN type = 4][size = 10][dec. digits = 0]
[11 Oct 2016 11:37:54]   Found column: amount [type = DOUBLE][SQL/XOPEN type = 8][size = 22][dec. digits = 0]
[11 Oct 2016 11:37:54]   Found column: feedback [type = INT][SQL/XOPEN type = 4][size = 10][dec. digits = 0]
[11 Oct 2016 11:37:54]   Found column: campaigns_oid_camp [type = INT][SQL/XOPEN type = 4][size = 10][dec. digits = 0]
[11 Oct 2016 11:37:54]   Found column: contributionsperks_oid_contr [type = INT][SQL/XOPEN type = 4][size = 10][dec. digits = 0]
[11 Oct 2016 11:37:54]   Found column: user_oid_user [type = INT][SQL/XOPEN type = 4][size = 10][dec. digits = 0]
[11 Oct 2016 11:37:54] Retrieving primary keys for 'contributions_bysupporters' [type = TABLE]
[11 Oct 2016 11:37:54]   Found primary key column: oid_usercontr
[11 Oct 2016 11:37:54] Retrieving columns for 'contributionsperks' [type = TABLE]
[11 Oct 2016 11:37:54]   Found column: oid_contr [type = INT][SQL/XOPEN type = 4][size = 10][dec. digits = 0]
[11 Oct 2016 11:37:54]   Found column: titleperk [type = VARCHAR][SQL/XOPEN type = 12][size = 255][dec. digits = 0]
[11 Oct 2016 11:37:54]   Found column: description [type = VARCHAR][SQL/XOPEN type = 12][size = 255][dec. digits = 0]
[11 Oct 2016 11:37:54]   Found column: min_amount [type = INT][SQL/XOPEN type = 4][size = 10][dec. digits = 0]
[11 Oct 2016 11:37:54]   Found column: expirationperk [type = DATE][SQL/XOPEN type = 91][size = 10][dec. digits = 0]
[11 Oct 2016 11:37:54] Retrieving primary keys for 'contributionsperks' [type = TABLE]
[11 Oct 2016 11:37:54]   Found primary key column: oid_contr
[11 Oct 2016 11:37:54] Retrieving columns for 'group' [type = TABLE]
[11 Oct 2016 11:37:54]   Found column: oid_group [type = INT][SQL/XOPEN type = 4][size = 10][dec. digits = 0]
[11 Oct 2016 11:37:54]   Found column: groupname [type = VARCHAR][SQL/XOPEN type = 12][size = 255][dec. digits = 0]
[11 Oct 2016 11:37:54]   Found column: module_oid_module [type = INT][SQL/XOPEN type = 4][size = 10][dec. digits = 0]
[11 Oct 2016 11:37:54] Retrieving primary keys for 'group' [type = TABLE]
[11 Oct 2016 11:37:54]   Found primary key column: oid_group
[11 Oct 2016 11:37:54] Retrieving columns for 'group_module' [type = TABLE]
[11 Oct 2016 11:37:54]   Found column: group_oid_group [type = INT][SQL/XOPEN type = 4][size = 10][dec. digits = 0]
[11 Oct 2016 11:37:54]   Found column: module_oid_module [type = INT][SQL/XOPEN type = 4][size = 10][dec. digits = 0]
[11 Oct 2016 11:37:54] Retrieving primary keys for 'group_module' [type = TABLE]
[11 Oct 2016 11:37:54]   Found primary key column: group_oid_group
[11 Oct 2016 11:37:54]   Found primary key column: module_oid_module
[11 Oct 2016 11:37:54] Retrieving columns for 'keywordstags' [type = TABLE]
[11 Oct 2016 11:37:54]   Found column: oid_keywords [type = INT][SQL/XOPEN type = 4][size = 10][dec. digits = 0]
[11 Oct 2016 11:37:54]   Found column: keyword [type = VARCHAR][SQL/XOPEN type = 12][size = 255][dec. digits = 0]
[11 Oct 2016 11:37:54] Retrieving primary keys for 'keywordstags' [type = TABLE]
[11 Oct 2016 11:37:54]   Found primary key column: oid_keywords
[11 Oct 2016 11:37:54] Retrieving columns for 'module' [type = TABLE]
[11 Oct 2016 11:37:54]   Found column: oid_module [type = INT][SQL/XOPEN type = 4][size = 10][dec. digits = 0]
[11 Oct 2016 11:37:54]   Found column: moduleid [type = VARCHAR][SQL/XOPEN type = 12][size = 255][dec. digits = 0]
[11 Oct 2016 11:37:54]   Found column: modulename [type = VARCHAR][SQL/XOPEN type = 12][size = 255][dec. digits = 0]
[11 Oct 2016 11:37:54] Retrieving primary keys for 'module' [type = TABLE]
[11 Oct 2016 11:37:54]   Found primary key column: oid_module
[11 Oct 2016 11:37:54] Retrieving columns for 'payment' [type = TABLE]
[11 Oct 2016 11:37:54]   Found column: oid_payment [type = INT][SQL/XOPEN type = 4][size = 10][dec. digits = 0]
[11 Oct 2016 11:37:54]   Found column: currency [type = VARCHAR][SQL/XOPEN type = 12][size = 255][dec. digits = 0]
[11 Oct 2016 11:37:54]   Found column: type [type = VARCHAR][SQL/XOPEN type = 12][size = 255][dec. digits = 0]
[11 Oct 2016 11:37:54] Retrieving primary keys for 'payment' [type = TABLE]
[11 Oct 2016 11:37:54]   Found primary key column: oid_payment
[11 Oct 2016 11:37:54] Retrieving columns for 'questions' [type = TABLE]
[11 Oct 2016 11:37:54]   Found column: oid_questions [type = INT][SQL/XOPEN type = 4][size = 10][dec. digits = 0]
[11 Oct 2016 11:37:54]   Found column: question [type = VARCHAR][SQL/XOPEN type = 12][size = 255][dec. digits = 0]
[11 Oct 2016 11:37:54]   Found column: answer [type = VARCHAR][SQL/XOPEN type = 12][size = 255][dec. digits = 0]
[11 Oct 2016 11:37:54]   Found column: status [type = VARCHAR][SQL/XOPEN type = 12][size = 255][dec. digits = 0]
[11 Oct 2016 11:37:54]   Found column: campaigns_oid_camp [type = INT][SQL/XOPEN type = 4][size = 10][dec. digits = 0]
[11 Oct 2016 11:37:54] Retrieving primary keys for 'questions' [type = TABLE]
[11 Oct 2016 11:37:54]   Found primary key column: oid_questions
[11 Oct 2016 11:37:54] Retrieving columns for 'user' [type = TABLE]
[11 Oct 2016 11:37:54]   Found column: oid_user [type = INT][SQL/XOPEN type = 4][size = 10][dec. digits = 0]
[11 Oct 2016 11:37:54]   Found column: username [type = VARCHAR][SQL/XOPEN type = 12][size = 255][dec. digits = 0]
[11 Oct 2016 11:37:54]   Found column: password [type = VARCHAR][SQL/XOPEN type = 12][size = 255][dec. digits = 0]
[11 Oct 2016 11:37:54]   Found column: email [type = VARCHAR][SQL/XOPEN type = 12][size = 255][dec. digits = 0]
[11 Oct 2016 11:37:54]   Found column: birthday [type = VARCHAR][SQL/XOPEN type = 12][size = 255][dec. digits = 0]
[11 Oct 2016 11:37:54]   Found column: name [type = VARCHAR][SQL/XOPEN type = 12][size = 255][dec. digits = 0]
[11 Oct 2016 11:37:54]   Found column: wisdomscore [type = INT][SQL/XOPEN type = 4][size = 10][dec. digits = 0]
[11 Oct 2016 11:37:54]   Found column: payment [type = INT][SQL/XOPEN type = 4][size = 10][dec. digits = 0]
[11 Oct 2016 11:37:54]   Found column: reputation [type = FLOAT][SQL/XOPEN type = 7][size = 12][dec. digits = 0]
[11 Oct 2016 11:37:54]   Found column: group_oid_group [type = INT][SQL/XOPEN type = 4][size = 10][dec. digits = 0]
[11 Oct 2016 11:37:54]   Found column: payment_oid_payment [type = INT][SQL/XOPEN type = 4][size = 10][dec. digits = 0]
[11 Oct 2016 11:37:54] Retrieving primary keys for 'user' [type = TABLE]
[11 Oct 2016 11:37:54]   Found primary key column: oid_user
[11 Oct 2016 11:37:54] Retrieving columns for 'user_group' [type = TABLE]
[11 Oct 2016 11:37:54]   Found column: user_oid_user [type = INT][SQL/XOPEN type = 4][size = 10][dec. digits = 0]
[11 Oct 2016 11:37:54]   Found column: group_oid_group [type = INT][SQL/XOPEN type = 4][size = 10][dec. digits = 0]
[11 Oct 2016 11:37:54] Retrieving primary keys for 'user_group' [type = TABLE]
[11 Oct 2016 11:37:54]   Found primary key column: user_oid_user
[11 Oct 2016 11:37:54]   Found primary key column: group_oid_group
[11 Oct 2016 11:37:54] Retrieving columns for 'user_questions' [type = TABLE]
[11 Oct 2016 11:37:54]   Found column: user_oid_user [type = INT][SQL/XOPEN type = 4][size = 10][dec. digits = 0]
[11 Oct 2016 11:37:54]   Found column: questions_oid_questions [type = INT][SQL/XOPEN type = 4][size = 10][dec. digits = 0]
[11 Oct 2016 11:37:54] Retrieving primary keys for 'user_questions' [type = TABLE]
[11 Oct 2016 11:37:54]   Found primary key column: user_oid_user
[11 Oct 2016 11:37:54]   Found primary key column: questions_oid_questions
[11 Oct 2016 11:37:54] Retrieving columns for 'campaigns_contributor_view' [type = VIEW]
[11 Oct 2016 11:37:54]   Found column: s_oid_camp [type = INT][SQL/XOPEN type = 4][size = 10][dec. digits = 0]
[11 Oct 2016 11:37:54]   Found column: T_user_oid_user [type = INT][SQL/XOPEN type = 4][size = 10][dec. digits = 0]
[11 Oct 2016 11:37:54] Retrieving primary keys for 'campaigns_contributor_view' [type = VIEW]
[11 Oct 2016 11:37:54] Retrieving columns for 'campaigns_popularity_view' [type = VIEW]
[11 Oct 2016 11:37:54]   Found column: oid_camp [type = INT][SQL/XOPEN type = 4][size = 10][dec. digits = 0]
[11 Oct 2016 11:37:54]   Found column: der_attr [type = NUMERIC][SQL/XOPEN type = 2][size = 19][dec. digits = 0]
[11 Oct 2016 11:37:54] Retrieving primary keys for 'campaigns_popularity_view' [type = VIEW]
[11 Oct 2016 11:37:54] Retrieving columns for 'campaigns_quality_view' [type = VIEW]
[11 Oct 2016 11:37:54]   Found column: oid_camp [type = INT][SQL/XOPEN type = 4][size = 10][dec. digits = 0]
[11 Oct 2016 11:37:54]   Found column: der_attr [type = NUMERIC][SQL/XOPEN type = 2][size = 14][dec. digits = 4]
[11 Oct 2016 11:37:54] Retrieving primary keys for 'campaigns_quality_view' [type = VIEW]
[11 Oct 2016 11:37:54] Retrieving columns for 'contributionsperkstouser_view' [type = VIEW]
[11 Oct 2016 11:37:54]   Found column: s_oid_contr [type = INT][SQL/XOPEN type = 4][size = 10][dec. digits = 0]
[11 Oct 2016 11:37:54]   Found column: T_user_oid_user [type = INT][SQL/XOPEN type = 4][size = 10][dec. digits = 0]
[11 Oct 2016 11:37:54] Retrieving primary keys for 'contributionsperkstouser_view' [type = VIEW]
[11 Oct 2016 11:37:54] Retrieving columns for 'user_reputation_view' [type = VIEW]
[11 Oct 2016 11:37:54]   Found column: oid_user [type = INT][SQL/XOPEN type = 4][size = 10][dec. digits = 0]
[11 Oct 2016 11:37:54]   Found column: der_attr [type = NUMERIC][SQL/XOPEN type = 2][size = 18][dec. digits = 8]
[11 Oct 2016 11:37:54] Retrieving primary keys for 'user_reputation_view' [type = VIEW]
[11 Oct 2016 11:37:54] Retrieving columns for 'user_reputation_view2' [type = VIEW]
[11 Oct 2016 11:37:54]   Found column: oid_user [type = INT][SQL/XOPEN type = 4][size = 10][dec. digits = 0]
[11 Oct 2016 11:37:54]   Found column: der_attr [type = NUMERIC][SQL/XOPEN type = 2][size = 18][dec. digits = 8]
[11 Oct 2016 11:37:54] Retrieving primary keys for 'user_reputation_view2' [type = VIEW]
[11 Oct 2016 11:37:54] Database metadata retrieved (227 ms)
[11 Oct 2016 11:37:54] Retrieving auto-increment columns for 'campaigns' [type = TABLE]
[11 Oct 2016 11:37:54] Retrieving auto-increment columns for 'campaigns_contrperks' [type = TABLE]
[11 Oct 2016 11:37:54] Retrieving auto-increment columns for 'campaigns_keywords' [type = TABLE]
[11 Oct 2016 11:37:54] Retrieving auto-increment columns for 'contributions_bysupporters' [type = TABLE]
[11 Oct 2016 11:37:54] Retrieving auto-increment columns for 'contributionsperks' [type = TABLE]
[11 Oct 2016 11:37:54] Retrieving auto-increment columns for 'group' [type = TABLE]
[11 Oct 2016 11:37:54] Retrieving auto-increment columns for 'group_module' [type = TABLE]
[11 Oct 2016 11:37:54] Retrieving auto-increment columns for 'keywordstags' [type = TABLE]
[11 Oct 2016 11:37:54] Retrieving auto-increment columns for 'module' [type = TABLE]
[11 Oct 2016 11:37:54] Retrieving auto-increment columns for 'payment' [type = TABLE]
[11 Oct 2016 11:37:54] Retrieving auto-increment columns for 'questions' [type = TABLE]
[11 Oct 2016 11:37:54] Retrieving auto-increment columns for 'user' [type = TABLE]
[11 Oct 2016 11:37:54] Retrieving auto-increment columns for 'user_group' [type = TABLE]
[11 Oct 2016 11:37:54] Retrieving auto-increment columns for 'user_questions' [type = TABLE]
[11 Oct 2016 11:37:54] Retrieving auto-increment columns for 'campaigns_contributor_view' [type = VIEW]
[11 Oct 2016 11:37:54] Retrieving auto-increment columns for 'campaigns_popularity_view' [type = VIEW]
[11 Oct 2016 11:37:54] Retrieving auto-increment columns for 'campaigns_quality_view' [type = VIEW]
[11 Oct 2016 11:37:54] Retrieving auto-increment columns for 'contributionsperkstouser_view' [type = VIEW]
[11 Oct 2016 11:37:54] Retrieving auto-increment columns for 'user_reputation_view' [type = VIEW]
[11 Oct 2016 11:37:54] Retrieving auto-increment columns for 'user_reputation_view2' [type = VIEW]
[11 Oct 2016 11:37:54] Database connection closed
