[25 Sep 2016 18:16:35] Building database metadata model
[25 Sep 2016 18:16:35] Properties: {partialRefresh=false, processColumnsUsingSelect=, includePrimaryKeys=true, eventSocketClient=com.webratio.commons.net.EventSocketClient@1707653, includeTables=true, username=postgres, outputLogPath=D:\WebRatio\workspace\ver3\.Temp~\DB.xml.log, readIndexes=null, driverClass=org.postgresql.Driver, includeSynonyms=true, metaDataProviderClass=com.webratio.commons.db.metadata.PostgreSQLMetaDataProvider, outputPath=D:\WebRatio\workspace\ver3\.Temp~\DB.xml, schemaRegex=null, readProcedures=null, includeViews=true, derby.system.home=D:\WebRatio\workspace\.metadata\.plugins\com.webratio.commons.db\derby, url=jdbc:postgresql://localhost:5432/ifmlver3, tableRegex=null, readSQLDefinitions=true, includeForeignKeys=false, retrieveAllNames=false, tablesToRefresh=, eventSocketPort=32069}
[25 Sep 2016 18:16:35] URL: jdbc:postgresql://localhost:5432/ifmlver3
[25 Sep 2016 18:16:35] Product name: PostgreSQL
[25 Sep 2016 18:16:35] Product version: 9.6rc1
[25 Sep 2016 18:16:35] Driver name: PostgreSQL Native Driver
[25 Sep 2016 18:16:35] Driver version: PostgreSQL 9.3 JDBC3g (build 1103)
[25 Sep 2016 18:16:35] Driver major version: 9
[25 Sep 2016 18:16:35] Driver minor version: 3
[25 Sep 2016 18:16:35] Identifier quote string: 3
[25 Sep 2016 18:16:35] Retrieving schemas
[25 Sep 2016 18:16:35]   Found schema: information_schema
[25 Sep 2016 18:16:35]   Found schema: pg_catalog
[25 Sep 2016 18:16:35]   Found schema: public
[25 Sep 2016 18:16:35] Retrieving sequences
[25 Sep 2016 18:16:35] Retrieving [TABLE, VIEW, SYNONYM] for schema 'information_schema'
[25 Sep 2016 18:16:35] Retrieving [TABLE, VIEW, SYNONYM] for schema 'pg_catalog'
[25 Sep 2016 18:16:35] Retrieving [TABLE, VIEW, SYNONYM] for schema 'public'
[25 Sep 2016 18:16:35]   Found 'public.annotation' [type = TABLE]
[25 Sep 2016 18:16:35]   Found 'public.annotationcampaign' [type = TABLE]
[25 Sep 2016 18:16:35]   Found 'public.group' [type = TABLE]
[25 Sep 2016 18:16:35]   Found 'public.group_module' [type = TABLE]
[25 Sep 2016 18:16:35]   Found 'public.item' [type = TABLE]
[25 Sep 2016 18:16:35]   Found 'public.item_annotation' [type = TABLE]
[25 Sep 2016 18:16:35]   Found 'public.module' [type = TABLE]
[25 Sep 2016 18:16:35]   Found 'public.skill' [type = TABLE]
[25 Sep 2016 18:16:35]   Found 'public.task' [type = TABLE]
[25 Sep 2016 18:16:35]   Found 'public.task_item' [type = TABLE]
[25 Sep 2016 18:16:35]   Found 'public.task_skill' [type = TABLE]
[25 Sep 2016 18:16:35]   Found 'public.user' [type = TABLE]
[25 Sep 2016 18:16:35]   Found 'public.user_group' [type = TABLE]
[25 Sep 2016 18:16:35]   Found 'public.user_skill' [type = TABLE]
[25 Sep 2016 18:16:35]   Found 'public.user_task' [type = TABLE]
[25 Sep 2016 18:16:35] Retrieving columns for 'public.annotation' [type = TABLE]
[25 Sep 2016 18:16:35]   Found column: oid [type = int4][SQL/XOPEN type = 4][size = 10][dec. digits = 0]
[25 Sep 2016 18:16:35]   Found column: confidence [type = int4][SQL/XOPEN type = 4][size = 10][dec. digits = 0]
[25 Sep 2016 18:16:35]   Found column: label [type = varchar][SQL/XOPEN type = 12][size = 255][dec. digits = 0]
[25 Sep 2016 18:16:35]   Found column: marked [type = bool][SQL/XOPEN type = -7][size = 1][dec. digits = 0]
[25 Sep 2016 18:16:35]   Found column: user_oid [type = int4][SQL/XOPEN type = 4][size = 10][dec. digits = 0]
[25 Sep 2016 18:16:35] Retrieving primary keys for 'public.annotation' [type = TABLE]
[25 Sep 2016 18:16:35]   Found primary key column: oid
[25 Sep 2016 18:16:35] Retrieving columns for 'public.annotationcampaign' [type = TABLE]
[25 Sep 2016 18:16:35]   Found column: oid [type = int4][SQL/XOPEN type = 4][size = 10][dec. digits = 0]
[25 Sep 2016 18:16:35]   Found column: status [type = varchar][SQL/XOPEN type = 12][size = 255][dec. digits = 0]
[25 Sep 2016 18:16:35]   Found column: budget [type = float8][SQL/XOPEN type = 8][size = 17][dec. digits = 17]
[25 Sep 2016 18:16:35]   Found column: name [type = varchar][SQL/XOPEN type = 12][size = 255][dec. digits = 0]
[25 Sep 2016 18:16:35]   Found column: user_oid [type = int4][SQL/XOPEN type = 4][size = 10][dec. digits = 0]
[25 Sep 2016 18:16:35] Retrieving primary keys for 'public.annotationcampaign' [type = TABLE]
[25 Sep 2016 18:16:36]   Found primary key column: oid
[25 Sep 2016 18:16:36] Retrieving columns for 'public.group' [type = TABLE]
[25 Sep 2016 18:16:36]   Found column: oid [type = int4][SQL/XOPEN type = 4][size = 10][dec. digits = 0]
[25 Sep 2016 18:16:36]   Found column: groupname [type = varchar][SQL/XOPEN type = 12][size = 255][dec. digits = 0]
[25 Sep 2016 18:16:36]   Found column: module_oid [type = int4][SQL/XOPEN type = 4][size = 10][dec. digits = 0]
[25 Sep 2016 18:16:36] Retrieving primary keys for 'public.group' [type = TABLE]
[25 Sep 2016 18:16:36]   Found primary key column: oid
[25 Sep 2016 18:16:36] Retrieving columns for 'public.group_module' [type = TABLE]
[25 Sep 2016 18:16:36]   Found column: group_oid [type = int4][SQL/XOPEN type = 4][size = 10][dec. digits = 0]
[25 Sep 2016 18:16:36]   Found column: module_oid [type = int4][SQL/XOPEN type = 4][size = 10][dec. digits = 0]
[25 Sep 2016 18:16:36] Retrieving primary keys for 'public.group_module' [type = TABLE]
[25 Sep 2016 18:16:36]   Found primary key column: group_oid
[25 Sep 2016 18:16:36]   Found primary key column: module_oid
[25 Sep 2016 18:16:36] Retrieving columns for 'public.item' [type = TABLE]
[25 Sep 2016 18:16:36]   Found column: oid [type = int4][SQL/XOPEN type = 4][size = 10][dec. digits = 0]
[25 Sep 2016 18:16:36]   Found column: url [type = varchar][SQL/XOPEN type = 12][size = 255][dec. digits = 0]
[25 Sep 2016 18:16:36]   Found column: caption [type = varchar][SQL/XOPEN type = 12][size = 255][dec. digits = 0]
[25 Sep 2016 18:16:36]   Found column: title [type = varchar][SQL/XOPEN type = 12][size = 255][dec. digits = 0]
[25 Sep 2016 18:16:36] Retrieving primary keys for 'public.item' [type = TABLE]
[25 Sep 2016 18:16:36]   Found primary key column: oid
[25 Sep 2016 18:16:36] Retrieving columns for 'public.item_annotation' [type = TABLE]
[25 Sep 2016 18:16:36]   Found column: item_oid [type = int4][SQL/XOPEN type = 4][size = 10][dec. digits = 0]
[25 Sep 2016 18:16:36]   Found column: annotation_oid [type = int4][SQL/XOPEN type = 4][size = 10][dec. digits = 0]
[25 Sep 2016 18:16:36] Retrieving primary keys for 'public.item_annotation' [type = TABLE]
[25 Sep 2016 18:16:36]   Found primary key column: item_oid
[25 Sep 2016 18:16:36]   Found primary key column: annotation_oid
[25 Sep 2016 18:16:36] Retrieving columns for 'public.module' [type = TABLE]
[25 Sep 2016 18:16:36]   Found column: oid [type = int4][SQL/XOPEN type = 4][size = 10][dec. digits = 0]
[25 Sep 2016 18:16:36]   Found column: moduleid [type = varchar][SQL/XOPEN type = 12][size = 255][dec. digits = 0]
[25 Sep 2016 18:16:36]   Found column: modulename [type = varchar][SQL/XOPEN type = 12][size = 255][dec. digits = 0]
[25 Sep 2016 18:16:36] Retrieving primary keys for 'public.module' [type = TABLE]
[25 Sep 2016 18:16:36]   Found primary key column: oid
[25 Sep 2016 18:16:36] Retrieving columns for 'public.skill' [type = TABLE]
[25 Sep 2016 18:16:36]   Found column: oid [type = int4][SQL/XOPEN type = 4][size = 10][dec. digits = 0]
[25 Sep 2016 18:16:36]   Found column: name [type = varchar][SQL/XOPEN type = 12][size = 255][dec. digits = 0]
[25 Sep 2016 18:16:36] Retrieving primary keys for 'public.skill' [type = TABLE]
[25 Sep 2016 18:16:36]   Found primary key column: oid
[25 Sep 2016 18:16:36] Retrieving columns for 'public.task' [type = TABLE]
[25 Sep 2016 18:16:36]   Found column: oid [type = int4][SQL/XOPEN type = 4][size = 10][dec. digits = 0]
[25 Sep 2016 18:16:36]   Found column: title [type = varchar][SQL/XOPEN type = 12][size = 255][dec. digits = 0]
[25 Sep 2016 18:16:36]   Found column: description [type = varchar][SQL/XOPEN type = 12][size = 255][dec. digits = 0]
[25 Sep 2016 18:16:36]   Found column: reward [type = float8][SQL/XOPEN type = 8][size = 17][dec. digits = 17]
[25 Sep 2016 18:16:36]   Found column: expiration_date [type = timestamp][SQL/XOPEN type = 93][size = 29][dec. digits = 6]
[25 Sep 2016 18:16:36]   Found column: maximum_exec_time [type = time][SQL/XOPEN type = 92][size = 15][dec. digits = 6]
[25 Sep 2016 18:16:36]   Found column: grade [type = int4][SQL/XOPEN type = 4][size = 10][dec. digits = 0]
[25 Sep 2016 18:16:36]   Found column: annotationcampaign_oid [type = int4][SQL/XOPEN type = 4][size = 10][dec. digits = 0]
[25 Sep 2016 18:16:36] Retrieving primary keys for 'public.task' [type = TABLE]
[25 Sep 2016 18:16:36]   Found primary key column: oid
[25 Sep 2016 18:16:36] Retrieving columns for 'public.task_item' [type = TABLE]
[25 Sep 2016 18:16:36]   Found column: task_oid [type = int4][SQL/XOPEN type = 4][size = 10][dec. digits = 0]
[25 Sep 2016 18:16:36]   Found column: item_oid [type = int4][SQL/XOPEN type = 4][size = 10][dec. digits = 0]
[25 Sep 2016 18:16:36] Retrieving primary keys for 'public.task_item' [type = TABLE]
[25 Sep 2016 18:16:36]   Found primary key column: task_oid
[25 Sep 2016 18:16:36]   Found primary key column: item_oid
[25 Sep 2016 18:16:36] Retrieving columns for 'public.task_skill' [type = TABLE]
[25 Sep 2016 18:16:36]   Found column: task_oid [type = int4][SQL/XOPEN type = 4][size = 10][dec. digits = 0]
[25 Sep 2016 18:16:36]   Found column: skill_oid [type = int4][SQL/XOPEN type = 4][size = 10][dec. digits = 0]
[25 Sep 2016 18:16:36] Retrieving primary keys for 'public.task_skill' [type = TABLE]
[25 Sep 2016 18:16:36]   Found primary key column: task_oid
[25 Sep 2016 18:16:36]   Found primary key column: skill_oid
[25 Sep 2016 18:16:36] Retrieving columns for 'public.user' [type = TABLE]
[25 Sep 2016 18:16:36]   Found column: oid [type = int4][SQL/XOPEN type = 4][size = 10][dec. digits = 0]
[25 Sep 2016 18:16:36]   Found column: username [type = varchar][SQL/XOPEN type = 12][size = 255][dec. digits = 0]
[25 Sep 2016 18:16:36]   Found column: password [type = varchar][SQL/XOPEN type = 12][size = 255][dec. digits = 0]
[25 Sep 2016 18:16:36]   Found column: email [type = varchar][SQL/XOPEN type = 12][size = 255][dec. digits = 0]
[25 Sep 2016 18:16:36]   Found column: birth_date [type = timestamp][SQL/XOPEN type = 93][size = 29][dec. digits = 6]
[25 Sep 2016 18:16:36]   Found column: name [type = varchar][SQL/XOPEN type = 12][size = 255][dec. digits = 0]
[25 Sep 2016 18:16:36]   Found column: score [type = float8][SQL/XOPEN type = 8][size = 17][dec. digits = 17]
[25 Sep 2016 18:16:36]   Found column: piggy_bank [type = float8][SQL/XOPEN type = 8][size = 17][dec. digits = 17]
[25 Sep 2016 18:16:36]   Found column: group_oid [type = int4][SQL/XOPEN type = 4][size = 10][dec. digits = 0]
[25 Sep 2016 18:16:36] Retrieving primary keys for 'public.user' [type = TABLE]
[25 Sep 2016 18:16:36]   Found primary key column: oid
[25 Sep 2016 18:16:36] Retrieving columns for 'public.user_group' [type = TABLE]
[25 Sep 2016 18:16:36]   Found column: user_oid [type = int4][SQL/XOPEN type = 4][size = 10][dec. digits = 0]
[25 Sep 2016 18:16:36]   Found column: group_oid [type = int4][SQL/XOPEN type = 4][size = 10][dec. digits = 0]
[25 Sep 2016 18:16:36] Retrieving primary keys for 'public.user_group' [type = TABLE]
[25 Sep 2016 18:16:36]   Found primary key column: user_oid
[25 Sep 2016 18:16:36]   Found primary key column: group_oid
[25 Sep 2016 18:16:36] Retrieving columns for 'public.user_skill' [type = TABLE]
[25 Sep 2016 18:16:36]   Found column: user_oid [type = int4][SQL/XOPEN type = 4][size = 10][dec. digits = 0]
[25 Sep 2016 18:16:36]   Found column: skill_oid [type = int4][SQL/XOPEN type = 4][size = 10][dec. digits = 0]
[25 Sep 2016 18:16:36] Retrieving primary keys for 'public.user_skill' [type = TABLE]
[25 Sep 2016 18:16:36]   Found primary key column: user_oid
[25 Sep 2016 18:16:36]   Found primary key column: skill_oid
[25 Sep 2016 18:16:36] Retrieving columns for 'public.user_task' [type = TABLE]
[25 Sep 2016 18:16:36]   Found column: user_oid [type = int4][SQL/XOPEN type = 4][size = 10][dec. digits = 0]
[25 Sep 2016 18:16:36]   Found column: task_oid [type = int4][SQL/XOPEN type = 4][size = 10][dec. digits = 0]
[25 Sep 2016 18:16:36] Retrieving primary keys for 'public.user_task' [type = TABLE]
[25 Sep 2016 18:16:36]   Found primary key column: user_oid
[25 Sep 2016 18:16:36]   Found primary key column: task_oid
[25 Sep 2016 18:16:36] Database metadata retrieved (219 ms)
[25 Sep 2016 18:16:36] Database connection closed
